-------------------------------------------------------------------------------
Test set: TestSuite
-------------------------------------------------------------------------------
Tests run: 2, Failures: 1, Errors: 0, Skipped: 0, Time elapsed: 85.6 s <<< FAILURE! - in TestSuite
testLogin(com.imooc.testcase.LoginCase)  Time elapsed: 0.018 s  <<< FAILURE!
java.lang.AssertionError: expected [2] but found [1]
	at com.imooc.testcase.LoginCase.testLogin(LoginCase.java:18)

